Arguments: 
  /usr/bin/node /usr/bin/yarn install

PATH: 
  /home/kwesidev/.rvm/gems/ruby-2.3.0/bin:/home/kwesidev/.rvm/gems/ruby-2.3.0@global/bin:/home/kwesidev/.rvm/rubies/ruby-2.3.0/bin:/home/kwesidev/.cargo/bin:/usr/local/sbin:/usr/local/bin:/usr/sbin:/usr/bin:/sbin:/bin:/usr/games:/usr/local/games:/home/kwesidev/.rvm/bin:/home/kwesidev/.rvm/bin:/usr/local/go/bin:/home/kwesidev/.rvm/bin:/home/kwesidev/bins/apache-maven/bin:/home/kwesidev/bins/filezilla/bin:/home/kwesidev/bins/navicat:/opt/ghc/bin:/home/kwesidev/Qt5.7.0/5.7/gcc_64/bin:/home/kwesidev/bins/pgadmin4/web::/home/kwesidev/Qt5.7.0/5.7/gcc_64/bin:/home/kwesidev/bins/scala/bin:/home/kwesidev/bins/java9/bin:/home/kwesidev/bins/kotlinc/bin:/home/kwesidev/.rvm/bin

Yarn version: 
  1.2.1

Node version: 
  8.9.3

Platform: 
  linux x64

npm manifest: 
  {
    "name": "medicalapp",
    "version": "0.0.0",
    "license": "MIT",
    "scripts": {
      "ng": "ng",
      "start": "ng serve",
      "build": "ng build --prod",
      "test": "ng test",
      "lint": "ng lint",
      "e2e": "ng e2e"
    },
    "private": true,
    "dependencies": {
      "@angular/animations": "^5.0.0",
      "@angular/common": "^5.0.0",
      "@angular/compiler": "^5.0.0",
      "@angular/core": "^5.0.0",
      "@angular/forms": "^5.0.0",
      "@angular/http": "^5.0.0",
      "@angular/platform-browser": "^5.0.0",
      "@angular/platform-browser-dynamic": "^5.0.0",
      "@angular/router": "^5.0.0",
      "core-js": "^2.4.1",
      "rxjs": "^5.5.2",
      "zone.js": "^0.8.14"
    },
    "devDependencies": {
      "@angular/cli": "1.6.2",
      "@angular/compiler-cli": "^5.0.0",
      "@angular/language-service": "^5.0.0",
      "@types/jasmine": "~2.5.53",
      "@types/jasminewd2": "~2.0.2",
      "@types/node": "~6.0.60",
      "codelyzer": "^4.0.1",
      "jasmine-core": "~2.6.2",
      "jasmine-spec-reporter": "~4.1.0",
      "karma": "~1.7.0",
      "karma-chrome-launcher": "~2.1.1",
      "karma-cli": "~1.0.1",
      "karma-coverage-istanbul-reporter": "^1.2.1",
      "karma-jasmine": "~1.1.0",
      "karma-jasmine-html-reporter": "^0.2.2",
      "protractor": "~5.1.2",
      "ts-node": "~3.2.0",
      "tslint": "~5.7.0",
      "typescript": "~2.4.2"
    }
  }

yarn manifest: 
  No manifest

Lockfile: 
  No lockfile

Trace: 
  Error: https://registry.yarnpkg.com/@angular/compiler/-/compiler-5.1.2.tgz: ESOCKETTIMEDOUT
      at ClientRequest.<anonymous> (/usr/lib/node_modules/yarn/lib/cli.js:123642:19)
      at Object.onceWrapper (events.js:313:30)
      at emitNone (events.js:106:13)
      at ClientRequest.emit (events.js:208:7)
      at TLSSocket.emitTimeout (_http_client.js:708:34)
      at Object.onceWrapper (events.js:313:30)
      at emitNone (events.js:106:13)
      at TLSSocket.emit (events.js:208:7)
      at TLSSocket.Socket._onTimeout (net.js:407:8)
      at ontimeout (timers.js:475:11)
